[debug] [2023-06-08T16:29:21.191Z] ----------------------------------------------------------------------
[debug] [2023-06-08T16:29:21.192Z] Command:       /usr/local/bin/node /Users/baraanazar/.nvm/versions/node/v16.17.0/bin/firebase init
[debug] [2023-06-08T16:29:21.193Z] CLI Version:   11.16.1
[debug] [2023-06-08T16:29:21.193Z] Platform:      darwin
[debug] [2023-06-08T16:29:21.193Z] Node Version:  v18.16.0
[debug] [2023-06-08T16:29:21.194Z] Time:          Thu Jun 08 2023 19:29:21 GMT+0300 (Arabian Standard Time)
[debug] [2023-06-08T16:29:21.194Z] ----------------------------------------------------------------------
[debug] 
[debug] [2023-06-08T16:29:21.196Z] >>> [apiv2][query] GET https://firebase-public.firebaseio.com/cli.json [none]
[debug] [2023-06-08T16:29:21.231Z] > command requires scopes: ["email","openid","https://www.googleapis.com/auth/cloudplatformprojects.readonly","https://www.googleapis.com/auth/firebase","https://www.googleapis.com/auth/cloud-platform"]
[debug] [2023-06-08T16:29:21.232Z] > authorizing via signed-in user (baraa.nazar.ph@gmail.com)
[info] 
     ######## #### ########  ######## ########     ###     ######  ########
     ##        ##  ##     ## ##       ##     ##  ##   ##  ##       ##
     ######    ##  ########  ######   ########  #########  ######  ######
     ##        ##  ##    ##  ##       ##     ## ##     ##       ## ##
     ##       #### ##     ## ######## ########  ##     ##  ######  ########

You're about to initialize a Firebase project in this directory:

  /Users/baraanazar/Expeses-Calculator

[debug] [2023-06-08T16:29:21.683Z] <<< [apiv2][status] GET https://firebase-public.firebaseio.com/cli.json 200
[debug] [2023-06-08T16:29:21.684Z] <<< [apiv2][body] GET https://firebase-public.firebaseio.com/cli.json {"cloudBuildErrorAfter":1594252800000,"cloudBuildWarnAfter":1590019200000,"defaultNode10After":1594252800000,"minVersion":"3.0.5","node8DeploysDisabledAfter":1613390400000,"node8RuntimeDisabledAfter":1615809600000,"node8WarnAfter":1600128000000}
[debug] [2023-06-08T16:30:52.785Z] ----------------------------------------------------------------------
[debug] [2023-06-08T16:30:52.787Z] Command:       /usr/local/bin/node /Users/baraanazar/.nvm/versions/node/v16.17.0/bin/firebase init
[debug] [2023-06-08T16:30:52.787Z] CLI Version:   11.16.1
[debug] [2023-06-08T16:30:52.787Z] Platform:      darwin
[debug] [2023-06-08T16:30:52.787Z] Node Version:  v18.16.0
[debug] [2023-06-08T16:30:52.792Z] Time:          Thu Jun 08 2023 19:30:52 GMT+0300 (Arabian Standard Time)
[debug] [2023-06-08T16:30:52.792Z] ----------------------------------------------------------------------
[debug] 
[debug] [2023-06-08T16:30:52.796Z] > command requires scopes: ["email","openid","https://www.googleapis.com/auth/cloudplatformprojects.readonly","https://www.googleapis.com/auth/firebase","https://www.googleapis.com/auth/cloud-platform"]
[debug] [2023-06-08T16:30:52.797Z] > authorizing via signed-in user (baraa.nazar.ph@gmail.com)
[info] 
     ######## #### ########  ######## ########     ###     ######  ########
     ##        ##  ##     ## ##       ##     ##  ##   ##  ##       ##
     ######    ##  ########  ######   ########  #########  ######  ######
     ##        ##  ##    ##  ##       ##     ## ##     ##       ## ##
     ##       #### ##     ## ######## ########  ##     ##  ######  ########

You're about to initialize a Firebase project in this directory:

  /Users/baraanazar/Expeses-Calculator

